
----------------2018-08-15 18:34:41---------------
当前的IP地址为：192.168.6.34
当前的主机名为：DESKTOP-NEM496P
开机时间：2018-08-14 10:52:58
当前CPU使用率：45.9%
物理内存：8117MB	物理内存使用率：62%
网卡发送:0MB	网卡发送包数:6124个
网卡接收:2MB	网卡接收包数:6774个
磁盘:C:\ 总容量:237G 剩余容量:169G 磁盘使用率:28.5%

----------------2018-08-15 18:35:03---------------
当前的IP地址为：192.168.6.34
当前的主机名为：DESKTOP-NEM496P
开机时间：2018-08-14 10:52:58
当前CPU使用率：39.4%
物理内存：8117MB	物理内存使用率：62%
网卡发送:0MB	网卡发送包数:6154个
网卡接收:2MB	网卡接收包数:6812个
磁盘:C:\ 总容量:237G 剩余容量:169G 磁盘使用率:28.5%

----------------2018-08-15 18:35:49---------------
当前的IP地址为：192.168.6.34
当前的主机名为：DESKTOP-NEM496P
开机时间：2018-08-14 10:52:58
当前CPU使用率：29.6%
物理内存：8117MB	物理内存使用率：62%
网卡发送:0MB	网卡发送包数:6206个
网卡接收:2MB	网卡接收包数:6871个
磁盘:C:\ 总容量:237G 剩余容量:169G 磁盘使用率:28.5%

----------------2018-08-15 18:36:51---------------
当前的IP地址为：192.168.6.34
当前的主机名为：DESKTOP-NEM496P
开机时间：2018-08-14 10:52:58
当前CPU使用率：77.7%
物理内存：8117MB	物理内存使用率：61%
网卡发送:0MB	网卡发送包数:6333个
网卡接收:2MB	网卡接收包数:7011个
磁盘:C:\ 总容量:237G 剩余容量:169G 磁盘使用率:28.5%

----------------2018-08-15 18:37:06---------------
当前的IP地址为：192.168.6.34
当前的主机名为：DESKTOP-NEM496P
开机时间：2018-08-14 10:52:58
当前CPU使用率：81.0%
物理内存：8117MB	物理内存使用率：61%
网卡发送:0MB	网卡发送包数:6374个
网卡接收:2MB	网卡接收包数:7051个
磁盘:C:\ 总容量:237G 剩余容量:169G 磁盘使用率:28.5%

----------------2018-08-15 18:38:12---------------
当前的IP地址为：192.168.6.34
当前的主机名为：DESKTOP-NEM496P
开机时间：2018-08-14 10:52:58
当前CPU使用率：40.3%
物理内存：8117MB	物理内存使用率：61%
网卡发送:0MB	网卡发送包数:6748个
网卡接收:2MB	网卡接收包数:7446个
磁盘:C:\ 总容量:237G 剩余容量:169G 磁盘使用率:28.5%

----------------2018-08-15 18:41:19---------------
当前的IP地址为：192.168.6.34
当前的主机名为：DESKTOP-NEM496P
开机时间：2018-08-14 10:52:58
当前CPU使用率：24.4%
物理内存：8117MB	物理内存使用率：61%
网卡发送:1MB	网卡发送包数:7087个
网卡接收:2MB	网卡接收包数:7769个
磁盘:C:\ 总容量:237G 剩余容量:169G 磁盘使用率:28.5%

----------------2018-08-15 18:42:07---------------
当前的IP地址为：192.168.6.34
当前的主机名为：DESKTOP-NEM496P
开机时间：2018-08-14 10:52:57
当前CPU使用率：33.1%
物理内存：8117MB	物理内存使用率：61%
网卡发送:1MB	网卡发送包数:7178个
网卡接收:2MB	网卡接收包数:7869个
磁盘:C:\ 总容量:237G 剩余容量:169G 磁盘使用率:28.5%

----------------2018-08-15 18:43:50---------------
当前的IP地址为：192.168.6.34
当前的主机名为：DESKTOP-NEM496P
开机时间：2018-08-14 10:52:58
当前CPU使用率：55.0%
物理内存：8117MB	物理内存使用率：61%
网卡发送:1MB	网卡发送包数:7558个
网卡接收:3MB	网卡接收包数:8270个
磁盘:C:\ 总容量:237G 剩余容量:169G 磁盘使用率:28.5%

----------------2018-08-15 18:44:38---------------
当前的IP地址为：192.168.6.34
当前的主机名为：DESKTOP-NEM496P
开机时间：2018-08-14 10:52:58
当前CPU使用率：48.1%
物理内存：8117MB	物理内存使用率：61%
网卡发送:1MB	网卡发送包数:7613个
网卡接收:3MB	网卡接收包数:8338个
磁盘:C:\ 总容量:237G 剩余容量:169G 磁盘使用率:28.5%

----------------2018-08-15 18:47:03---------------
当前的IP地址为：192.168.6.34
当前的主机名为：DESKTOP-NEM496P
开机时间：2018-08-14 10:52:58
当前CPU使用率：25.7%
物理内存：8117MB	物理内存使用率：60%
网卡发送:1MB	网卡发送包数:7897个
网卡接收:3MB	网卡接收包数:8645个
磁盘:C:\ 总容量:237G 剩余容量:169G 磁盘使用率:28.5%

----------------2018-08-15 18:47:49---------------
当前的IP地址为：192.168.6.34
当前的主机名为：DESKTOP-NEM496P
开机时间：2018-08-14 10:52:58
当前CPU使用率：32.6%
物理内存：8117MB	物理内存使用率：60%
网卡发送:1MB	网卡发送包数:7961个
网卡接收:3MB	网卡接收包数:8710个
磁盘:C:\ 总容量:237G 剩余容量:169G 磁盘使用率:28.5%

----------------2018-08-15 18:48:49---------------
当前的IP地址为：192.168.6.34
当前的主机名为：DESKTOP-NEM496P
开机时间：2018-08-14 10:52:58
当前CPU使用率：32.6%
物理内存：8117MB	物理内存使用率：60%
网卡发送:1MB	网卡发送包数:7961个
网卡接收:3MB	网卡接收包数:8710个
磁盘:C:\ 总容量:237G 剩余容量:169G 磁盘使用率:28.5%

----------------2018-08-15 18:53:46---------------
当前的IP地址为：192.168.6.34
当前的主机名为：DESKTOP-NEM496P
开机时间：2018-08-14 10:52:58
当前CPU使用率：36.8%
物理内存：8117MB	物理内存使用率：62%
网卡发送:1MB	网卡发送包数:8981个
网卡接收:3MB	网卡接收包数:9857个
磁盘:C:\ 总容量:237G 剩余容量:169G 磁盘使用率:28.5%

----------------2018-08-15 19:57:04---------------
当前的IP地址为：192.168.6.34
当前的主机名为：DESKTOP-NEM496P
开机时间：2018-08-14 10:52:58
当前CPU使用率：52.2%
物理内存：8117MB	物理内存使用率：68%
网卡发送:1MB	网卡发送包数:13228个
网卡接收:7MB	网卡接收包数:14821个
磁盘:C:\ 总容量:237G 剩余容量:169G 磁盘使用率:28.5%

----------------2018-08-15 19:58:04---------------
当前的IP地址为：192.168.6.34
当前的主机名为：DESKTOP-NEM496P
开机时间：2018-08-14 10:52:58
当前CPU使用率：52.2%
物理内存：8117MB	物理内存使用率：68%
网卡发送:1MB	网卡发送包数:13228个
网卡接收:7MB	网卡接收包数:14821个
磁盘:C:\ 总容量:237G 剩余容量:169G 磁盘使用率:28.5%

----------------2018-08-15 20:00:17---------------
当前的IP地址为：192.168.6.34
当前的主机名为：DESKTOP-NEM496P
开机时间：2018-08-14 10:52:58
当前CPU使用率：56.6%
物理内存：8117MB	物理内存使用率：68%
网卡发送:1MB	网卡发送包数:14088个
网卡接收:8MB	网卡接收包数:15720个
磁盘:C:\ 总容量:237G 剩余容量:169G 磁盘使用率:28.5%

----------------2018-08-15 20:16:42---------------
当前的IP地址为：192.168.6.34
当前的主机名为：DESKTOP-NEM496P
开机时间：2018-08-14 10:52:58
当前CPU使用率：11.0%
物理内存：8117MB	物理内存使用率：68%
网卡发送:2MB	网卡发送包数:22303个
网卡接收:12MB	网卡接收包数:23984个
磁盘:C:\ 总容量:237G 剩余容量:169G 磁盘使用率:28.5%
