
----------------2018-08-22 19:14:15---------------
当前的IP地址为：10.1.8.74
当前的主机名为：DESKTOP-NEM496P
开机时间：2018-08-22 09:11:00
当前CPU使用率：5.3%
物理内存：8117MB	物理内存使用率：64%
网卡发送:28MB	网卡发送包数:196242个
网卡接收:355MB	网卡接收包数:1297240个
磁盘:C:\ 总容量:237G 剩余容量:171G 磁盘使用率:27.6%

----------------2018-08-22 19:14:50---------------
当前的IP地址为：10.1.8.74
当前的主机名为：DESKTOP-NEM496P
开机时间：2018-08-22 09:11:00
当前CPU使用率：4.8%
物理内存：8117MB	物理内存使用率：65%
网卡发送:28MB	网卡发送包数:196417个
网卡接收:355MB	网卡接收包数:1297749个
磁盘:C:\ 总容量:237G 剩余容量:171G 磁盘使用率:27.6%

----------------2018-08-22 19:17:48---------------
当前的IP地址为：10.1.8.74
当前的主机名为：DESKTOP-NEM496P
开机时间：2018-08-22 09:11:00
当前CPU使用率：7.5%
物理内存：8117MB	物理内存使用率：65%
网卡发送:29MB	网卡发送包数:197397个
网卡接收:357MB	网卡接收包数:1302060个
磁盘:C:\ 总容量:237G 剩余容量:171G 磁盘使用率:27.6%

----------------2018-08-23 10:49:08---------------
当前的IP地址为：10.1.8.74
当前的主机名为：DESKTOP-NEM496P
开机时间：2018-08-22 09:11:00
当前CPU使用率：24.2%
物理内存：8117MB	物理内存使用率：61%
网卡发送:34MB	网卡发送包数:242641个
网卡接收:434MB	网卡接收包数:1572368个
磁盘:C:\ 总容量:237G 剩余容量:171G 磁盘使用率:27.6%
